  Main.cpp
F:\c++\Project\BDoor\BDoor\include\other\tools.h(22,11): warning C4267: “初始化”: 从“size_t”转换到“int”，可能丢失数据
  (编译源文件“Main.cpp”)
  
F:\c++\Project\BDoor\BDoor\include\other\tools.h(41,11): warning C4267: “初始化”: 从“size_t”转换到“int”，可能丢失数据
  (编译源文件“Main.cpp”)
  
F:\c++\Project\BDoor\BDoor\include\other\tools.h(111,25): warning C4996: 'inet_addr': Use inet_pton() or InetPton() instead or define _WINSOCK_DEPRECATED_NO_WARNINGS to disable deprecated API warnings
  (编译源文件“Main.cpp”)
  
F:\c++\Project\BDoor\BDoor\include\other\tools.h(124,16): warning C4267: “初始化”: 从“size_t”转换到“int”，可能丢失数据
  (编译源文件“Main.cpp”)
  
F:\c++\Project\BDoor\BDoor\include\protocol\BDoorProtocol.h(23,1): warning C4005: “ERROR”: 宏重定义
  (编译源文件“Main.cpp”)
  F:\Windows Kits\10\Include\10.0.22621.0\um\wingdi.h(118,1):
  参见“ERROR”的前一个定义
  
F:\c++\Project\BDoor\BDoor\include\BDoorControl.h(35,32): warning C4996: 'inet_addr': Use inet_pton() or InetPton() instead or define _WINSOCK_DEPRECATED_NO_WARNINGS to disable deprecated API warnings
  (编译源文件“Main.cpp”)
  
F:\c++\Project\BDoor\BDoor\include\BDoorControl.h(60,26): warning C4996: 'inet_ntoa': Use inet_ntop() or InetNtop() instead or define _WINSOCK_DEPRECATED_NO_WARNINGS to disable deprecated API warnings
  (编译源文件“Main.cpp”)
  
F:\c++\Project\BDoor\BDoor\include\BDoorControl.h(157,33): warning C4996: 'inet_addr': Use inet_pton() or InetPton() instead or define _WINSOCK_DEPRECATED_NO_WARNINGS to disable deprecated API warnings
  (编译源文件“Main.cpp”)
  
F:\c++\Project\BDoor\BDoor\include\BDoorControl.h(158,39): warning C4996: 'inet_ntoa': Use inet_ntop() or InetNtop() instead or define _WINSOCK_DEPRECATED_NO_WARNINGS to disable deprecated API warnings
  (编译源文件“Main.cpp”)
  
F:\c++\Project\BDoor\BDoor\include\BDoorControl.h(298,34): warning C4996: 'inet_addr': Use inet_pton() or InetPton() instead or define _WINSOCK_DEPRECATED_NO_WARNINGS to disable deprecated API warnings
  (编译源文件“Main.cpp”)
  
F:\c++\Project\BDoor\BDoor\include\BDoorControl.h(514): warning C4715: “BDoorControl::EnterCommand”: 不是所有的控件路径都返回值
F:\c++\Project\BDoor\BDoor\include\BDoorControl.h(225): warning C4715: “UDP::Func”: 不是所有的控件路径都返回值
F:\c++\Project\BDoor\BDoor\include\BDoorControl.h(456): warning C4715: “TCP::Func”: 不是所有的控件路径都返回值
F:\c++\Project\BDoor\BDoor\include\BDoorControl.h(124): warning C4715: “UDP::Cmd::Func”: 不是所有的控件路径都返回值
F:\c++\Project\BDoor\BDoor\include\BDoorControl.h(269): warning C4715: “TCP::Cmd::Func”: 不是所有的控件路径都返回值
  BDoorControlDOS.vcxproj -> F:\c++\Project\BDoor\BDoorControl\BDoorControlDOS\x64\Debug\BDoorControlDOS.exe
